<?xml version="1.0" encoding="UTF-8"?>
<!-- Generated by org.testng.reporters.JUnitReportReporter -->
<testsuite hostname="DESKTOP-R6G87IB" failures="0" tests="1" name="com.tcs.LaunchBrowser" time="0.012" errors="0" timestamp="2021-06-10T06:25:09 GMT-07:00" skipped="0">
  <testcase classname="com.tcs.LaunchBrowser" name="GoogleSreach" time="0.012"/>
  <system-out/>
</testsuite> <!-- com.tcs.LaunchBrowser -->
