<?xml version="1.0" encoding="UTF-8"?>
<!-- Generated by org.testng.reporters.JUnitReportReporter -->
<testsuite hostname="DESKTOP-R6G87IB" failures="0" tests="6" name="com.tcs.Arithmetic" time="0.040" errors="0" timestamp="2021-06-11T07:48:52 GMT-07:00" skipped="0">
  <testcase classname="com.tcs.Arithmetic" name="AddtionMethon2" time="0.004"/>
  <system-out/>
  <testcase classname="com.tcs.Arithmetic" name="MultiplyMethod2" time="0.005"/>
  <system-out/>
  <testcase classname="com.tcs.Arithmetic" name="MultiplyMethod3" time="0.002"/>
  <system-out/>
  <testcase classname="com.tcs.Arithmetic" name="AddtionMethod1" time="0.023"/>
  <system-out/>
  <testcase classname="com.tcs.Arithmetic" name="AddtionMethod3" time="0.003"/>
  <system-out/>
  <testcase classname="com.tcs.Arithmetic" name="MultiplyMethod1" time="0.003"/>
  <system-out/>
</testsuite> <!-- com.tcs.Arithmetic -->
