<?xml version="1.0" encoding="UTF-8"?>
<!-- Generated by org.testng.reporters.JUnitReportReporter -->
<testsuite hostname="DESKTOP-R6G87IB" failures="0" tests="1" name="com.tcs.MavenTestNGExample2" time="0.023" errors="0" timestamp="2021-06-09T06:55:32 GMT-07:00" skipped="0">
  <testcase classname="com.tcs.MavenTestNGExample2" name="myTest3" time="0.023"/>
  <system-out/>
</testsuite> <!-- com.tcs.MavenTestNGExample2 -->
