<?xml version="1.0" encoding="UTF-8"?>
<!-- Generated by org.testng.reporters.JUnitReportReporter -->
<testsuite hostname="DESKTOP-R6G87IB" failures="0" tests="1" name="com.tcs.MavenTestNGExample2" time="0.017" errors="0" timestamp="10 Jun 2021 12:54:48 GMT" skipped="0">
  <testcase classname="com.tcs.MavenTestNGExample2" name="myTest3" time="0.017"/>
</testsuite> <!-- com.tcs.MavenTestNGExample2 -->
